2023-07-07 12:08:20,664 INFO org.springframework.boot.StartupInfoLogger [main] Starting KlinikApplication using Java 17.0.2 on barysevich_k with PID 9776 (D:\JAVA\klinik\target\classes started by Asus in D:\JAVA\klinik)
2023-07-07 12:08:20,667 INFO org.springframework.boot.SpringApplication [main] No active profile set, falling back to 1 default profile: "default"
2023-07-07 12:08:21,312 INFO org.springframework.data.repository.config.RepositoryConfigurationDelegate [main] Bootstrapping Spring Data JPA repositories in DEFAULT mode.
2023-07-07 12:08:21,367 INFO org.springframework.data.repository.config.RepositoryConfigurationDelegate [main] Finished Spring Data repository scanning in 48 ms. Found 11 JPA repository interfaces.
2023-07-07 12:08:21,702 INFO org.springframework.boot.web.embedded.tomcat.TomcatWebServer [main] Tomcat initialized with port(s): 8081 (http)
2023-07-07 12:08:21,708 INFO org.apache.juli.logging.DirectJDKLog [main] Initializing ProtocolHandler ["http-nio-8081"]
2023-07-07 12:08:21,708 INFO org.apache.juli.logging.DirectJDKLog [main] Starting service [Tomcat]
2023-07-07 12:08:21,708 INFO org.apache.juli.logging.DirectJDKLog [main] Starting Servlet engine: [Apache Tomcat/9.0.65]
2023-07-07 12:08:21,796 INFO org.apache.juli.logging.DirectJDKLog [main] Initializing Spring embedded WebApplicationContext
2023-07-07 12:08:21,796 INFO org.springframework.boot.web.servlet.context.ServletWebServerApplicationContext [main] Root WebApplicationContext: initialization completed in 1088 ms
2023-07-07 12:08:21,881 INFO com.zaxxer.hikari.HikariDataSource [main] HikariPool-1 - Starting...
2023-07-07 12:08:21,997 INFO com.zaxxer.hikari.HikariDataSource [main] HikariPool-1 - Start completed.
2023-07-07 12:08:22,026 INFO org.hibernate.jpa.internal.util.LogHelper [main] HHH000204: Processing PersistenceUnitInfo [name: default]
2023-07-07 12:08:22,048 INFO org.hibernate.Version [main] HHH000412: Hibernate ORM core version 5.6.10.Final
2023-07-07 12:08:22,113 INFO org.hibernate.annotations.common.reflection.java.JavaReflectionManager [main] HCANN000001: Hibernate Commons Annotations {5.1.2.Final}
2023-07-07 12:08:22,164 INFO org.hibernate.dialect.Dialect [main] HHH000400: Using dialect: org.hibernate.dialect.PostgreSQL10Dialect
2023-07-07 12:08:22,599 INFO org.hibernate.engine.transaction.jta.platform.internal.JtaPlatformInitiator [main] HHH000490: Using JtaPlatform implementation: [org.hibernate.engine.transaction.jta.platform.internal.NoJtaPlatform]
2023-07-07 12:08:22,606 INFO org.springframework.orm.jpa.AbstractEntityManagerFactoryBean [main] Initialized JPA EntityManagerFactory for persistence unit 'default'
2023-07-07 12:08:23,869 INFO org.apache.juli.logging.DirectJDKLog [main] Starting ProtocolHandler ["http-nio-8081"]
2023-07-07 12:08:23,885 INFO org.springframework.boot.web.embedded.tomcat.TomcatWebServer [main] Tomcat started on port(s): 8081 (http) with context path ''
2023-07-07 12:08:23,894 INFO org.springframework.boot.StartupInfoLogger [main] Started KlinikApplication in 3.867 seconds (JVM running for 4.892)
2023-07-07 12:08:23,896 INFO com.klinik.KlinikApplication [main]  Klinika start success 
2023-07-07 12:08:34,199 INFO org.apache.juli.logging.DirectJDKLog [http-nio-8081-exec-1] Initializing Spring DispatcherServlet 'dispatcherServlet'
2023-07-07 12:08:34,199 INFO org.springframework.web.servlet.FrameworkServlet [http-nio-8081-exec-1] Initializing Servlet 'dispatcherServlet'
2023-07-07 12:08:34,201 INFO org.springframework.web.servlet.FrameworkServlet [http-nio-8081-exec-1] Completed initialization in 2 ms
2023-07-07 12:08:35,016 INFO org.springdoc.api.AbstractOpenApiResource [http-nio-8081-exec-6] Init duration for springdoc-openapi is: 458 ms
2023-07-07 13:06:07,359 WARN com.zaxxer.hikari.pool.HikariPool$HouseKeeper [HikariPool-1 housekeeper] HikariPool-1 - Thread starvation or clock leap detected (housekeeper delta=51m45s179ms298µs900ns).
2023-07-07 13:34:22,971 WARN com.zaxxer.hikari.pool.HikariPool$HouseKeeper [HikariPool-1 housekeeper] HikariPool-1 - Thread starvation or clock leap detected (housekeeper delta=7m15s211ms380µs400ns).
2023-07-07 13:35:37,196 INFO org.springframework.orm.jpa.AbstractEntityManagerFactoryBean [SpringApplicationShutdownHook] Closing JPA EntityManagerFactory for persistence unit 'default'
2023-07-07 13:35:37,199 INFO com.zaxxer.hikari.HikariDataSource [SpringApplicationShutdownHook] HikariPool-1 - Shutdown initiated...
2023-07-07 13:35:37,207 INFO com.zaxxer.hikari.HikariDataSource [SpringApplicationShutdownHook] HikariPool-1 - Shutdown completed.
2023-07-07 13:35:40,936 INFO org.springframework.boot.StartupInfoLogger [main] Starting KlinikApplication using Java 17.0.2 on barysevich_k with PID 23212 (D:\JAVA\klinik\target\classes started by Asus in D:\JAVA\klinik)
2023-07-07 13:35:40,938 INFO org.springframework.boot.SpringApplication [main] No active profile set, falling back to 1 default profile: "default"
2023-07-07 13:35:41,407 INFO org.springframework.data.repository.config.RepositoryConfigurationDelegate [main] Bootstrapping Spring Data JPA repositories in DEFAULT mode.
2023-07-07 13:35:41,462 INFO org.springframework.data.repository.config.RepositoryConfigurationDelegate [main] Finished Spring Data repository scanning in 46 ms. Found 11 JPA repository interfaces.
2023-07-07 13:35:41,793 INFO org.springframework.boot.web.embedded.tomcat.TomcatWebServer [main] Tomcat initialized with port(s): 8081 (http)
2023-07-07 13:35:41,797 INFO org.apache.juli.logging.DirectJDKLog [main] Initializing ProtocolHandler ["http-nio-8081"]
2023-07-07 13:35:41,797 INFO org.apache.juli.logging.DirectJDKLog [main] Starting service [Tomcat]
2023-07-07 13:35:41,797 INFO org.apache.juli.logging.DirectJDKLog [main] Starting Servlet engine: [Apache Tomcat/9.0.65]
2023-07-07 13:35:41,885 INFO org.apache.juli.logging.DirectJDKLog [main] Initializing Spring embedded WebApplicationContext
2023-07-07 13:35:41,886 INFO org.springframework.boot.web.servlet.context.ServletWebServerApplicationContext [main] Root WebApplicationContext: initialization completed in 902 ms
2023-07-07 13:35:41,961 INFO com.zaxxer.hikari.HikariDataSource [main] HikariPool-1 - Starting...
2023-07-07 13:35:42,063 INFO com.zaxxer.hikari.HikariDataSource [main] HikariPool-1 - Start completed.
2023-07-07 13:35:42,090 INFO org.hibernate.jpa.internal.util.LogHelper [main] HHH000204: Processing PersistenceUnitInfo [name: default]
2023-07-07 13:35:42,112 INFO org.hibernate.Version [main] HHH000412: Hibernate ORM core version 5.6.10.Final
2023-07-07 13:35:42,175 INFO org.hibernate.annotations.common.reflection.java.JavaReflectionManager [main] HCANN000001: Hibernate Commons Annotations {5.1.2.Final}
2023-07-07 13:35:42,229 INFO org.hibernate.dialect.Dialect [main] HHH000400: Using dialect: org.hibernate.dialect.PostgreSQL10Dialect
2023-07-07 13:35:42,617 INFO org.hibernate.engine.transaction.jta.platform.internal.JtaPlatformInitiator [main] HHH000490: Using JtaPlatform implementation: [org.hibernate.engine.transaction.jta.platform.internal.NoJtaPlatform]
2023-07-07 13:35:42,622 INFO org.springframework.orm.jpa.AbstractEntityManagerFactoryBean [main] Initialized JPA EntityManagerFactory for persistence unit 'default'
2023-07-07 13:35:43,828 INFO org.apache.juli.logging.DirectJDKLog [main] Starting ProtocolHandler ["http-nio-8081"]
2023-07-07 13:35:43,842 INFO org.springframework.boot.web.embedded.tomcat.TomcatWebServer [main] Tomcat started on port(s): 8081 (http) with context path ''
2023-07-07 13:35:43,850 INFO org.springframework.boot.StartupInfoLogger [main] Started KlinikApplication in 3.211 seconds (JVM running for 3.772)
2023-07-07 13:35:43,852 INFO com.klinik.KlinikApplication [main]  Klinika start success 
2023-07-07 13:40:46,635 INFO org.springframework.orm.jpa.AbstractEntityManagerFactoryBean [SpringApplicationShutdownHook] Closing JPA EntityManagerFactory for persistence unit 'default'
2023-07-07 13:40:46,637 INFO com.zaxxer.hikari.HikariDataSource [SpringApplicationShutdownHook] HikariPool-1 - Shutdown initiated...
2023-07-07 13:40:46,642 INFO com.zaxxer.hikari.HikariDataSource [SpringApplicationShutdownHook] HikariPool-1 - Shutdown completed.
2023-07-07 13:40:49,019 INFO org.springframework.boot.StartupInfoLogger [main] Starting KlinikApplication using Java 17.0.2 on barysevich_k with PID 16104 (D:\JAVA\klinik\target\classes started by Asus in D:\JAVA\klinik)
2023-07-07 13:40:49,022 INFO org.springframework.boot.SpringApplication [main] No active profile set, falling back to 1 default profile: "default"
2023-07-07 13:40:49,488 INFO org.springframework.data.repository.config.RepositoryConfigurationDelegate [main] Bootstrapping Spring Data JPA repositories in DEFAULT mode.
2023-07-07 13:40:49,546 INFO org.springframework.data.repository.config.RepositoryConfigurationDelegate [main] Finished Spring Data repository scanning in 48 ms. Found 11 JPA repository interfaces.
2023-07-07 13:40:49,873 INFO org.springframework.boot.web.embedded.tomcat.TomcatWebServer [main] Tomcat initialized with port(s): 8081 (http)
2023-07-07 13:40:49,880 INFO org.apache.juli.logging.DirectJDKLog [main] Initializing ProtocolHandler ["http-nio-8081"]
2023-07-07 13:40:49,880 INFO org.apache.juli.logging.DirectJDKLog [main] Starting service [Tomcat]
2023-07-07 13:40:49,880 INFO org.apache.juli.logging.DirectJDKLog [main] Starting Servlet engine: [Apache Tomcat/9.0.65]
2023-07-07 13:40:49,963 INFO org.apache.juli.logging.DirectJDKLog [main] Initializing Spring embedded WebApplicationContext
2023-07-07 13:40:49,964 INFO org.springframework.boot.web.servlet.context.ServletWebServerApplicationContext [main] Root WebApplicationContext: initialization completed in 897 ms
2023-07-07 13:40:50,035 INFO com.zaxxer.hikari.HikariDataSource [main] HikariPool-1 - Starting...
2023-07-07 13:40:50,136 INFO com.zaxxer.hikari.HikariDataSource [main] HikariPool-1 - Start completed.
2023-07-07 13:40:50,162 INFO org.hibernate.jpa.internal.util.LogHelper [main] HHH000204: Processing PersistenceUnitInfo [name: default]
2023-07-07 13:40:50,183 INFO org.hibernate.Version [main] HHH000412: Hibernate ORM core version 5.6.10.Final
2023-07-07 13:40:50,248 INFO org.hibernate.annotations.common.reflection.java.JavaReflectionManager [main] HCANN000001: Hibernate Commons Annotations {5.1.2.Final}
2023-07-07 13:40:50,303 INFO org.hibernate.dialect.Dialect [main] HHH000400: Using dialect: org.hibernate.dialect.PostgreSQL10Dialect
2023-07-07 13:40:50,694 INFO org.hibernate.engine.transaction.jta.platform.internal.JtaPlatformInitiator [main] HHH000490: Using JtaPlatform implementation: [org.hibernate.engine.transaction.jta.platform.internal.NoJtaPlatform]
2023-07-07 13:40:50,700 INFO org.springframework.orm.jpa.AbstractEntityManagerFactoryBean [main] Initialized JPA EntityManagerFactory for persistence unit 'default'
2023-07-07 13:40:51,922 INFO org.apache.juli.logging.DirectJDKLog [main] Starting ProtocolHandler ["http-nio-8081"]
2023-07-07 13:40:51,939 INFO org.springframework.boot.web.embedded.tomcat.TomcatWebServer [main] Tomcat started on port(s): 8081 (http) with context path ''
2023-07-07 13:40:51,948 INFO org.springframework.boot.StartupInfoLogger [main] Started KlinikApplication in 3.202 seconds (JVM running for 3.892)
2023-07-07 13:40:51,950 INFO com.klinik.KlinikApplication [main]  Klinika start success 
2023-07-07 13:41:09,138 INFO org.springframework.orm.jpa.AbstractEntityManagerFactoryBean [SpringApplicationShutdownHook] Closing JPA EntityManagerFactory for persistence unit 'default'
2023-07-07 13:41:09,140 INFO com.zaxxer.hikari.HikariDataSource [SpringApplicationShutdownHook] HikariPool-1 - Shutdown initiated...
2023-07-07 13:41:09,142 INFO com.zaxxer.hikari.HikariDataSource [SpringApplicationShutdownHook] HikariPool-1 - Shutdown completed.
2023-07-07 13:41:11,499 ERROR org.springframework.boot.SpringApplication [main] Application run failed
java.lang.IllegalStateException: java.lang.IllegalStateException: Logback configuration error detected: 
ERROR in ch.qos.logback.core.pattern.parser.Compiler@1e636ea3 - Failed to instantiate converter class [ch.qos.logback.classic.pattern.ThrowableProxyConverter] as a composite converter for keyword [throwable] ch.qos.logback.core.util.IncompatibleClassException
ERROR in ch.qos.logback.core.pattern.parser.Compiler@1e636ea3 - Failed to create converter for [%throwable] keyword
	at org.springframework.boot.context.logging.LoggingApplicationListener.initializeSystem(LoggingApplicationListener.java:344)
	at org.springframework.boot.context.logging.LoggingApplicationListener.initialize(LoggingApplicationListener.java:298)
	at org.springframework.boot.context.logging.LoggingApplicationListener.onApplicationEnvironmentPreparedEvent(LoggingApplicationListener.java:246)
	at org.springframework.boot.context.logging.LoggingApplicationListener.onApplicationEvent(LoggingApplicationListener.java:223)
	at org.springframework.context.event.SimpleApplicationEventMulticaster.doInvokeListener(SimpleApplicationEventMulticaster.java:176)
	at org.springframework.context.event.SimpleApplicationEventMulticaster.invokeListener(SimpleApplicationEventMulticaster.java:169)
	at org.springframework.context.event.SimpleApplicationEventMulticaster.multicastEvent(SimpleApplicationEventMulticaster.java:143)
	at org.springframework.context.event.SimpleApplicationEventMulticaster.multicastEvent(SimpleApplicationEventMulticaster.java:131)
	at org.springframework.boot.context.event.EventPublishingRunListener.environmentPrepared(EventPublishingRunListener.java:85)
	at org.springframework.boot.SpringApplicationRunListeners.lambda$environmentPrepared$2(SpringApplicationRunListeners.java:66)
	at java.base/java.util.ArrayList.forEach(ArrayList.java:1511)
	at org.springframework.boot.SpringApplicationRunListeners.doWithListeners(SpringApplicationRunListeners.java:120)
	at org.springframework.boot.SpringApplicationRunListeners.doWithListeners(SpringApplicationRunListeners.java:114)
	at org.springframework.boot.SpringApplicationRunListeners.environmentPrepared(SpringApplicationRunListeners.java:65)
	at org.springframework.boot.SpringApplication.prepareEnvironment(SpringApplication.java:344)
	at org.springframework.boot.SpringApplication.run(SpringApplication.java:302)
	at org.springframework.boot.SpringApplication.run(SpringApplication.java:1306)
	at org.springframework.boot.SpringApplication.run(SpringApplication.java:1295)
	at com.klinik.KlinikApplication.main(KlinikApplication.java:17)
Caused by: java.lang.IllegalStateException: Logback configuration error detected: 
ERROR in ch.qos.logback.core.pattern.parser.Compiler@1e636ea3 - Failed to instantiate converter class [ch.qos.logback.classic.pattern.ThrowableProxyConverter] as a composite converter for keyword [throwable] ch.qos.logback.core.util.IncompatibleClassException
ERROR in ch.qos.logback.core.pattern.parser.Compiler@1e636ea3 - Failed to create converter for [%throwable] keyword
	at org.springframework.boot.logging.logback.LogbackLoggingSystem.loadConfiguration(LogbackLoggingSystem.java:179)
	at org.springframework.boot.logging.AbstractLoggingSystem.initializeWithConventions(AbstractLoggingSystem.java:80)
	at org.springframework.boot.logging.AbstractLoggingSystem.initialize(AbstractLoggingSystem.java:60)
	at org.springframework.boot.logging.logback.LogbackLoggingSystem.initialize(LogbackLoggingSystem.java:132)
	at org.springframework.boot.context.logging.LoggingApplicationListener.initializeSystem(LoggingApplicationListener.java:329)
	... 18 common frames omitted
2023-07-07 13:41:20,188 INFO org.springframework.boot.StartupInfoLogger [main] Starting KlinikApplication using Java 17.0.2 on barysevich_k with PID 6280 (D:\JAVA\klinik\target\classes started by Asus in D:\JAVA\klinik)
2023-07-07 13:41:20,191 INFO org.springframework.boot.SpringApplication [main] No active profile set, falling back to 1 default profile: "default"
2023-07-07 13:41:20,745 INFO org.springframework.data.repository.config.RepositoryConfigurationDelegate [main] Bootstrapping Spring Data JPA repositories in DEFAULT mode.
2023-07-07 13:41:20,801 INFO org.springframework.data.repository.config.RepositoryConfigurationDelegate [main] Finished Spring Data repository scanning in 49 ms. Found 11 JPA repository interfaces.
2023-07-07 13:41:21,130 INFO org.springframework.boot.web.embedded.tomcat.TomcatWebServer [main] Tomcat initialized with port(s): 8081 (http)
2023-07-07 13:41:21,137 INFO org.apache.juli.logging.DirectJDKLog [main] Initializing ProtocolHandler ["http-nio-8081"]
2023-07-07 13:41:21,139 INFO org.apache.juli.logging.DirectJDKLog [main] Starting service [Tomcat]
2023-07-07 13:41:21,139 INFO org.apache.juli.logging.DirectJDKLog [main] Starting Servlet engine: [Apache Tomcat/9.0.65]
2023-07-07 13:41:21,228 INFO org.apache.juli.logging.DirectJDKLog [main] Initializing Spring embedded WebApplicationContext
2023-07-07 13:41:21,229 INFO org.springframework.boot.web.servlet.context.ServletWebServerApplicationContext [main] Root WebApplicationContext: initialization completed in 979 ms
2023-07-07 13:41:21,311 INFO com.zaxxer.hikari.HikariDataSource [main] HikariPool-1 - Starting...
2023-07-07 13:41:21,423 INFO com.zaxxer.hikari.HikariDataSource [main] HikariPool-1 - Start completed.
2023-07-07 13:41:21,457 INFO org.hibernate.jpa.internal.util.LogHelper [main] HHH000204: Processing PersistenceUnitInfo [name: default]
2023-07-07 13:41:21,481 INFO org.hibernate.Version [main] HHH000412: Hibernate ORM core version 5.6.10.Final
2023-07-07 13:41:21,561 INFO org.hibernate.annotations.common.reflection.java.JavaReflectionManager [main] HCANN000001: Hibernate Commons Annotations {5.1.2.Final}
2023-07-07 13:41:21,624 INFO org.hibernate.dialect.Dialect [main] HHH000400: Using dialect: org.hibernate.dialect.PostgreSQL10Dialect
2023-07-07 13:41:22,109 INFO org.hibernate.engine.transaction.jta.platform.internal.JtaPlatformInitiator [main] HHH000490: Using JtaPlatform implementation: [org.hibernate.engine.transaction.jta.platform.internal.NoJtaPlatform]
2023-07-07 13:41:22,114 INFO org.springframework.orm.jpa.AbstractEntityManagerFactoryBean [main] Initialized JPA EntityManagerFactory for persistence unit 'default'
2023-07-07 13:41:23,500 INFO org.apache.juli.logging.DirectJDKLog [main] Starting ProtocolHandler ["http-nio-8081"]
2023-07-07 13:41:23,516 INFO org.springframework.boot.web.embedded.tomcat.TomcatWebServer [main] Tomcat started on port(s): 8081 (http) with context path ''
2023-07-07 13:41:23,529 INFO org.springframework.boot.StartupInfoLogger [main] Started KlinikApplication in 3.662 seconds (JVM running for 4.172)
2023-07-07 13:41:23,531 INFO com.klinik.KlinikApplication [main]  Klinika start success 
2023-07-07 13:41:27,819 INFO org.springframework.orm.jpa.AbstractEntityManagerFactoryBean [SpringApplicationShutdownHook] Closing JPA EntityManagerFactory for persistence unit 'default'
2023-07-07 13:41:27,820 INFO com.zaxxer.hikari.HikariDataSource [SpringApplicationShutdownHook] HikariPool-1 - Shutdown initiated...
2023-07-07 13:41:27,823 INFO com.zaxxer.hikari.HikariDataSource [SpringApplicationShutdownHook] HikariPool-1 - Shutdown completed.
2023-07-07 13:41:30,192 INFO org.springframework.boot.StartupInfoLogger [main] Starting KlinikApplication using Java 17.0.2 on barysevich_k with PID 7512 (D:\JAVA\klinik\target\classes started by Asus in D:\JAVA\klinik)
2023-07-07 13:41:30,194 INFO org.springframework.boot.SpringApplication [main] No active profile set, falling back to 1 default profile: "default"
2023-07-07 13:41:30,661 INFO org.springframework.data.repository.config.RepositoryConfigurationDelegate [main] Bootstrapping Spring Data JPA repositories in DEFAULT mode.
2023-07-07 13:41:30,716 INFO org.springframework.data.repository.config.RepositoryConfigurationDelegate [main] Finished Spring Data repository scanning in 45 ms. Found 11 JPA repository interfaces.
2023-07-07 13:41:31,034 INFO org.springframework.boot.web.embedded.tomcat.TomcatWebServer [main] Tomcat initialized with port(s): 8081 (http)
2023-07-07 13:41:31,039 INFO org.apache.juli.logging.DirectJDKLog [main] Initializing ProtocolHandler ["http-nio-8081"]
2023-07-07 13:41:31,039 INFO org.apache.juli.logging.DirectJDKLog [main] Starting service [Tomcat]
2023-07-07 13:41:31,040 INFO org.apache.juli.logging.DirectJDKLog [main] Starting Servlet engine: [Apache Tomcat/9.0.65]
2023-07-07 13:41:31,124 INFO org.apache.juli.logging.DirectJDKLog [main] Initializing Spring embedded WebApplicationContext
2023-07-07 13:41:31,124 INFO org.springframework.boot.web.servlet.context.ServletWebServerApplicationContext [main] Root WebApplicationContext: initialization completed in 877 ms
2023-07-07 13:41:31,198 INFO com.zaxxer.hikari.HikariDataSource [main] HikariPool-1 - Starting...
2023-07-07 13:41:31,296 INFO com.zaxxer.hikari.HikariDataSource [main] HikariPool-1 - Start completed.
2023-07-07 13:41:31,323 INFO org.hibernate.jpa.internal.util.LogHelper [main] HHH000204: Processing PersistenceUnitInfo [name: default]
2023-07-07 13:41:31,343 INFO org.hibernate.Version [main] HHH000412: Hibernate ORM core version 5.6.10.Final
2023-07-07 13:41:31,410 INFO org.hibernate.annotations.common.reflection.java.JavaReflectionManager [main] HCANN000001: Hibernate Commons Annotations {5.1.2.Final}
2023-07-07 13:41:31,466 INFO org.hibernate.dialect.Dialect [main] HHH000400: Using dialect: org.hibernate.dialect.PostgreSQL10Dialect
2023-07-07 13:41:31,856 INFO org.hibernate.engine.transaction.jta.platform.internal.JtaPlatformInitiator [main] HHH000490: Using JtaPlatform implementation: [org.hibernate.engine.transaction.jta.platform.internal.NoJtaPlatform]
2023-07-07 13:41:31,861 INFO org.springframework.orm.jpa.AbstractEntityManagerFactoryBean [main] Initialized JPA EntityManagerFactory for persistence unit 'default'
2023-07-07 13:41:33,130 INFO org.apache.juli.logging.DirectJDKLog [main] Starting ProtocolHandler ["http-nio-8081"]
2023-07-07 13:41:33,146 INFO org.springframework.boot.web.embedded.tomcat.TomcatWebServer [main] Tomcat started on port(s): 8081 (http) with context path ''
2023-07-07 13:41:33,154 INFO org.springframework.boot.StartupInfoLogger [main] Started KlinikApplication in 3.241 seconds (JVM running for 3.927)
2023-07-07 13:41:33,156 INFO com.klinik.KlinikApplication [main]  Klinika start success 
2023-07-07 13:41:50,252 INFO org.springframework.orm.jpa.AbstractEntityManagerFactoryBean [SpringApplicationShutdownHook] Closing JPA EntityManagerFactory for persistence unit 'default'
2023-07-07 13:41:50,254 INFO com.zaxxer.hikari.HikariDataSource [SpringApplicationShutdownHook] HikariPool-1 - Shutdown initiated...
2023-07-07 13:41:50,256 INFO com.zaxxer.hikari.HikariDataSource [SpringApplicationShutdownHook] HikariPool-1 - Shutdown completed.
2023-07-07 13:41:52,640 INFO org.springframework.boot.StartupInfoLogger [main] Starting KlinikApplication using Java 17.0.2 on barysevich_k with PID 19464 (D:\JAVA\klinik\target\classes started by Asus in D:\JAVA\klinik)
2023-07-07 13:41:52,643 INFO org.springframework.boot.SpringApplication [main] No active profile set, falling back to 1 default profile: "default"
2023-07-07 13:41:53,107 INFO org.springframework.data.repository.config.RepositoryConfigurationDelegate [main] Bootstrapping Spring Data JPA repositories in DEFAULT mode.
2023-07-07 13:41:53,159 INFO org.springframework.data.repository.config.RepositoryConfigurationDelegate [main] Finished Spring Data repository scanning in 43 ms. Found 11 JPA repository interfaces.
2023-07-07 13:41:53,468 INFO org.springframework.boot.web.embedded.tomcat.TomcatWebServer [main] Tomcat initialized with port(s): 8081 (http)
2023-07-07 13:41:53,473 INFO org.apache.juli.logging.DirectJDKLog [main] Initializing ProtocolHandler ["http-nio-8081"]
2023-07-07 13:41:53,473 INFO org.apache.juli.logging.DirectJDKLog [main] Starting service [Tomcat]
2023-07-07 13:41:53,473 INFO org.apache.juli.logging.DirectJDKLog [main] Starting Servlet engine: [Apache Tomcat/9.0.65]
2023-07-07 13:41:53,558 INFO org.apache.juli.logging.DirectJDKLog [main] Initializing Spring embedded WebApplicationContext
2023-07-07 13:41:53,558 INFO org.springframework.boot.web.servlet.context.ServletWebServerApplicationContext [main] Root WebApplicationContext: initialization completed in 868 ms
2023-07-07 13:41:53,639 INFO com.zaxxer.hikari.HikariDataSource [main] HikariPool-1 - Starting...
2023-07-07 13:41:53,851 INFO com.zaxxer.hikari.HikariDataSource [main] HikariPool-1 - Start completed.
2023-07-07 13:41:53,876 INFO org.hibernate.jpa.internal.util.LogHelper [main] HHH000204: Processing PersistenceUnitInfo [name: default]
2023-07-07 13:41:53,900 INFO org.hibernate.Version [main] HHH000412: Hibernate ORM core version 5.6.10.Final
2023-07-07 13:41:53,968 INFO org.hibernate.annotations.common.reflection.java.JavaReflectionManager [main] HCANN000001: Hibernate Commons Annotations {5.1.2.Final}
2023-07-07 13:41:54,017 INFO org.hibernate.dialect.Dialect [main] HHH000400: Using dialect: org.hibernate.dialect.PostgreSQL10Dialect
2023-07-07 13:41:54,410 INFO org.hibernate.engine.transaction.jta.platform.internal.JtaPlatformInitiator [main] HHH000490: Using JtaPlatform implementation: [org.hibernate.engine.transaction.jta.platform.internal.NoJtaPlatform]
2023-07-07 13:41:54,417 INFO org.springframework.orm.jpa.AbstractEntityManagerFactoryBean [main] Initialized JPA EntityManagerFactory for persistence unit 'default'
2023-07-07 13:41:55,689 INFO org.apache.juli.logging.DirectJDKLog [main] Starting ProtocolHandler ["http-nio-8081"]
2023-07-07 13:41:55,707 INFO org.springframework.boot.web.embedded.tomcat.TomcatWebServer [main] Tomcat started on port(s): 8081 (http) with context path ''
2023-07-07 13:41:55,716 INFO org.springframework.boot.StartupInfoLogger [main] Started KlinikApplication in 3.355 seconds (JVM running for 4.008)
2023-07-07 13:41:55,718 INFO com.klinik.KlinikApplication [main]  Klinika start success 
2023-07-07 13:42:12,234 INFO org.springframework.orm.jpa.AbstractEntityManagerFactoryBean [SpringApplicationShutdownHook] Closing JPA EntityManagerFactory for persistence unit 'default'
2023-07-07 13:42:12,235 INFO com.zaxxer.hikari.HikariDataSource [SpringApplicationShutdownHook] HikariPool-1 - Shutdown initiated...
2023-07-07 13:42:12,239 INFO com.zaxxer.hikari.HikariDataSource [SpringApplicationShutdownHook] HikariPool-1 - Shutdown completed.
2023-07-07 13:42:14,543 INFO org.springframework.boot.StartupInfoLogger [main] Starting KlinikApplication using Java 17.0.2 on barysevich_k with PID 21088 (D:\JAVA\klinik\target\classes started by Asus in D:\JAVA\klinik)
2023-07-07 13:42:14,545 INFO org.springframework.boot.SpringApplication [main] No active profile set, falling back to 1 default profile: "default"
2023-07-07 13:42:15,014 INFO org.springframework.data.repository.config.RepositoryConfigurationDelegate [main] Bootstrapping Spring Data JPA repositories in DEFAULT mode.
2023-07-07 13:42:15,070 INFO org.springframework.data.repository.config.RepositoryConfigurationDelegate [main] Finished Spring Data repository scanning in 47 ms. Found 11 JPA repository interfaces.
2023-07-07 13:42:15,396 INFO org.springframework.boot.web.embedded.tomcat.TomcatWebServer [main] Tomcat initialized with port(s): 8081 (http)
2023-07-07 13:42:15,401 INFO org.apache.juli.logging.DirectJDKLog [main] Initializing ProtocolHandler ["http-nio-8081"]
2023-07-07 13:42:15,403 INFO org.apache.juli.logging.DirectJDKLog [main] Starting service [Tomcat]
2023-07-07 13:42:15,403 INFO org.apache.juli.logging.DirectJDKLog [main] Starting Servlet engine: [Apache Tomcat/9.0.65]
2023-07-07 13:42:15,493 INFO org.apache.juli.logging.DirectJDKLog [main] Initializing Spring embedded WebApplicationContext
2023-07-07 13:42:15,493 INFO org.springframework.boot.web.servlet.context.ServletWebServerApplicationContext [main] Root WebApplicationContext: initialization completed in 901 ms
2023-07-07 13:42:15,577 INFO com.zaxxer.hikari.HikariDataSource [main] HikariPool-1 - Starting...
2023-07-07 13:42:15,680 INFO com.zaxxer.hikari.HikariDataSource [main] HikariPool-1 - Start completed.
2023-07-07 13:42:15,705 INFO org.hibernate.jpa.internal.util.LogHelper [main] HHH000204: Processing PersistenceUnitInfo [name: default]
2023-07-07 13:42:15,724 INFO org.hibernate.Version [main] HHH000412: Hibernate ORM core version 5.6.10.Final
2023-07-07 13:42:15,790 INFO org.hibernate.annotations.common.reflection.java.JavaReflectionManager [main] HCANN000001: Hibernate Commons Annotations {5.1.2.Final}
2023-07-07 13:42:15,849 INFO org.hibernate.dialect.Dialect [main] HHH000400: Using dialect: org.hibernate.dialect.PostgreSQL10Dialect
2023-07-07 13:42:16,262 INFO org.hibernate.engine.transaction.jta.platform.internal.JtaPlatformInitiator [main] HHH000490: Using JtaPlatform implementation: [org.hibernate.engine.transaction.jta.platform.internal.NoJtaPlatform]
2023-07-07 13:42:16,267 INFO org.springframework.orm.jpa.AbstractEntityManagerFactoryBean [main] Initialized JPA EntityManagerFactory for persistence unit 'default'
2023-07-07 13:42:17,492 INFO org.apache.juli.logging.DirectJDKLog [main] Starting ProtocolHandler ["http-nio-8081"]
2023-07-07 13:42:17,508 INFO org.springframework.boot.web.embedded.tomcat.TomcatWebServer [main] Tomcat started on port(s): 8081 (http) with context path ''
2023-07-07 13:42:17,518 INFO org.springframework.boot.StartupInfoLogger [main] Started KlinikApplication in 3.251 seconds (JVM running for 3.956)
2023-07-07 13:42:17,520 INFO com.klinik.KlinikApplication [main]  Klinika start success 
2023-07-07 13:42:24,316 INFO org.springframework.orm.jpa.AbstractEntityManagerFactoryBean [SpringApplicationShutdownHook] Closing JPA EntityManagerFactory for persistence unit 'default'
2023-07-07 13:42:24,318 INFO com.zaxxer.hikari.HikariDataSource [SpringApplicationShutdownHook] HikariPool-1 - Shutdown initiated...
2023-07-07 13:42:24,320 INFO com.zaxxer.hikari.HikariDataSource [SpringApplicationShutdownHook] HikariPool-1 - Shutdown completed.
2023-07-07 13:42:26,685 INFO org.springframework.boot.StartupInfoLogger [main] Starting KlinikApplication using Java 17.0.2 on barysevich_k with PID 1952 (D:\JAVA\klinik\target\classes started by Asus in D:\JAVA\klinik)
2023-07-07 13:42:26,688 INFO org.springframework.boot.SpringApplication [main] No active profile set, falling back to 1 default profile: "default"
2023-07-07 13:42:27,162 INFO org.springframework.data.repository.config.RepositoryConfigurationDelegate [main] Bootstrapping Spring Data JPA repositories in DEFAULT mode.
2023-07-07 13:42:27,219 INFO org.springframework.data.repository.config.RepositoryConfigurationDelegate [main] Finished Spring Data repository scanning in 48 ms. Found 11 JPA repository interfaces.
2023-07-07 13:42:27,531 INFO org.springframework.boot.web.embedded.tomcat.TomcatWebServer [main] Tomcat initialized with port(s): 8081 (http)
2023-07-07 13:42:27,536 INFO org.apache.juli.logging.DirectJDKLog [main] Initializing ProtocolHandler ["http-nio-8081"]
2023-07-07 13:42:27,538 INFO org.apache.juli.logging.DirectJDKLog [main] Starting service [Tomcat]
2023-07-07 13:42:27,539 INFO org.apache.juli.logging.DirectJDKLog [main] Starting Servlet engine: [Apache Tomcat/9.0.65]
2023-07-07 13:42:27,625 INFO org.apache.juli.logging.DirectJDKLog [main] Initializing Spring embedded WebApplicationContext
2023-07-07 13:42:27,625 INFO org.springframework.boot.web.servlet.context.ServletWebServerApplicationContext [main] Root WebApplicationContext: initialization completed in 888 ms
2023-07-07 13:42:27,700 INFO com.zaxxer.hikari.HikariDataSource [main] HikariPool-1 - Starting...
2023-07-07 13:42:27,797 INFO com.zaxxer.hikari.HikariDataSource [main] HikariPool-1 - Start completed.
2023-07-07 13:42:27,824 INFO org.hibernate.jpa.internal.util.LogHelper [main] HHH000204: Processing PersistenceUnitInfo [name: default]
2023-07-07 13:42:27,848 INFO org.hibernate.Version [main] HHH000412: Hibernate ORM core version 5.6.10.Final
2023-07-07 13:42:27,920 INFO org.hibernate.annotations.common.reflection.java.JavaReflectionManager [main] HCANN000001: Hibernate Commons Annotations {5.1.2.Final}
2023-07-07 13:42:27,985 INFO org.hibernate.dialect.Dialect [main] HHH000400: Using dialect: org.hibernate.dialect.PostgreSQL10Dialect
2023-07-07 13:42:28,390 INFO org.hibernate.engine.transaction.jta.platform.internal.JtaPlatformInitiator [main] HHH000490: Using JtaPlatform implementation: [org.hibernate.engine.transaction.jta.platform.internal.NoJtaPlatform]
2023-07-07 13:42:28,394 INFO org.springframework.orm.jpa.AbstractEntityManagerFactoryBean [main] Initialized JPA EntityManagerFactory for persistence unit 'default'
2023-07-07 13:42:29,600 INFO org.apache.juli.logging.DirectJDKLog [main] Starting ProtocolHandler ["http-nio-8081"]
2023-07-07 13:42:29,616 INFO org.springframework.boot.web.embedded.tomcat.TomcatWebServer [main] Tomcat started on port(s): 8081 (http) with context path ''
2023-07-07 13:42:29,625 INFO org.springframework.boot.StartupInfoLogger [main] Started KlinikApplication in 3.237 seconds (JVM running for 3.904)
2023-07-07 13:42:29,627 INFO com.klinik.KlinikApplication [main]  Klinika start success 
2023-07-07 13:42:38,689 INFO org.springframework.orm.jpa.AbstractEntityManagerFactoryBean [SpringApplicationShutdownHook] Closing JPA EntityManagerFactory for persistence unit 'default'
2023-07-07 13:42:38,691 INFO com.zaxxer.hikari.HikariDataSource [SpringApplicationShutdownHook] HikariPool-1 - Shutdown initiated...
2023-07-07 13:42:38,693 INFO com.zaxxer.hikari.HikariDataSource [SpringApplicationShutdownHook] HikariPool-1 - Shutdown completed.
2023-07-07 13:42:41,001 INFO org.springframework.boot.StartupInfoLogger [main] Starting KlinikApplication using Java 17.0.2 on barysevich_k with PID 9008 (D:\JAVA\klinik\target\classes started by Asus in D:\JAVA\klinik)
2023-07-07 13:42:41,004 INFO org.springframework.boot.SpringApplication [main] No active profile set, falling back to 1 default profile: "default"
2023-07-07 13:42:41,473 INFO org.springframework.data.repository.config.RepositoryConfigurationDelegate [main] Bootstrapping Spring Data JPA repositories in DEFAULT mode.
2023-07-07 13:42:41,528 INFO org.springframework.data.repository.config.RepositoryConfigurationDelegate [main] Finished Spring Data repository scanning in 46 ms. Found 11 JPA repository interfaces.
2023-07-07 13:42:41,853 INFO org.springframework.boot.web.embedded.tomcat.TomcatWebServer [main] Tomcat initialized with port(s): 8081 (http)
2023-07-07 13:42:41,858 INFO org.apache.juli.logging.DirectJDKLog [main] Initializing ProtocolHandler ["http-nio-8081"]
2023-07-07 13:42:41,859 INFO org.apache.juli.logging.DirectJDKLog [main] Starting service [Tomcat]
2023-07-07 13:42:41,859 INFO org.apache.juli.logging.DirectJDKLog [main] Starting Servlet engine: [Apache Tomcat/9.0.65]
2023-07-07 13:42:41,939 INFO org.apache.juli.logging.DirectJDKLog [main] Initializing Spring embedded WebApplicationContext
2023-07-07 13:42:41,939 INFO org.springframework.boot.web.servlet.context.ServletWebServerApplicationContext [main] Root WebApplicationContext: initialization completed in 890 ms
2023-07-07 13:42:42,024 INFO com.zaxxer.hikari.HikariDataSource [main] HikariPool-1 - Starting...
2023-07-07 13:42:42,124 INFO com.zaxxer.hikari.HikariDataSource [main] HikariPool-1 - Start completed.
2023-07-07 13:42:42,150 INFO org.hibernate.jpa.internal.util.LogHelper [main] HHH000204: Processing PersistenceUnitInfo [name: default]
2023-07-07 13:42:42,171 INFO org.hibernate.Version [main] HHH000412: Hibernate ORM core version 5.6.10.Final
2023-07-07 13:42:42,232 INFO org.hibernate.annotations.common.reflection.java.JavaReflectionManager [main] HCANN000001: Hibernate Commons Annotations {5.1.2.Final}
2023-07-07 13:42:42,282 INFO org.hibernate.dialect.Dialect [main] HHH000400: Using dialect: org.hibernate.dialect.PostgreSQL10Dialect
2023-07-07 13:42:42,651 INFO org.hibernate.engine.transaction.jta.platform.internal.JtaPlatformInitiator [main] HHH000490: Using JtaPlatform implementation: [org.hibernate.engine.transaction.jta.platform.internal.NoJtaPlatform]
2023-07-07 13:42:42,657 INFO org.springframework.orm.jpa.AbstractEntityManagerFactoryBean [main] Initialized JPA EntityManagerFactory for persistence unit 'default'
2023-07-07 13:42:43,868 INFO org.apache.juli.logging.DirectJDKLog [main] Starting ProtocolHandler ["http-nio-8081"]
2023-07-07 13:42:43,884 INFO org.springframework.boot.web.embedded.tomcat.TomcatWebServer [main] Tomcat started on port(s): 8081 (http) with context path ''
2023-07-07 13:42:43,893 INFO org.springframework.boot.StartupInfoLogger [main] Started KlinikApplication in 3.183 seconds (JVM running for 3.836)
2023-07-07 13:42:43,897 INFO com.klinik.KlinikApplication [main]  Klinika start success 
2023-07-07 13:42:54,942 INFO org.springframework.orm.jpa.AbstractEntityManagerFactoryBean [SpringApplicationShutdownHook] Closing JPA EntityManagerFactory for persistence unit 'default'
2023-07-07 13:42:54,944 INFO com.zaxxer.hikari.HikariDataSource [SpringApplicationShutdownHook] HikariPool-1 - Shutdown initiated...
2023-07-07 13:42:54,946 INFO com.zaxxer.hikari.HikariDataSource [SpringApplicationShutdownHook] HikariPool-1 - Shutdown completed.
2023-07-07 13:42:57,210 INFO org.springframework.boot.StartupInfoLogger [main] Starting KlinikApplication using Java 17.0.2 on barysevich_k with PID 13892 (D:\JAVA\klinik\target\classes started by Asus in D:\JAVA\klinik)
2023-07-07 13:42:57,213 INFO org.springframework.boot.SpringApplication [main] No active profile set, falling back to 1 default profile: "default"
2023-07-07 13:42:57,679 INFO org.springframework.data.repository.config.RepositoryConfigurationDelegate [main] Bootstrapping Spring Data JPA repositories in DEFAULT mode.
2023-07-07 13:42:57,732 INFO org.springframework.data.repository.config.RepositoryConfigurationDelegate [main] Finished Spring Data repository scanning in 44 ms. Found 11 JPA repository interfaces.
2023-07-07 13:42:58,047 INFO org.springframework.boot.web.embedded.tomcat.TomcatWebServer [main] Tomcat initialized with port(s): 8081 (http)
2023-07-07 13:42:58,055 INFO org.apache.juli.logging.DirectJDKLog [main] Initializing ProtocolHandler ["http-nio-8081"]
2023-07-07 13:42:58,056 INFO org.apache.juli.logging.DirectJDKLog [main] Starting service [Tomcat]
2023-07-07 13:42:58,056 INFO org.apache.juli.logging.DirectJDKLog [main] Starting Servlet engine: [Apache Tomcat/9.0.65]
2023-07-07 13:42:58,138 INFO org.apache.juli.logging.DirectJDKLog [main] Initializing Spring embedded WebApplicationContext
2023-07-07 13:42:58,139 INFO org.springframework.boot.web.servlet.context.ServletWebServerApplicationContext [main] Root WebApplicationContext: initialization completed in 880 ms
2023-07-07 13:42:58,222 INFO com.zaxxer.hikari.HikariDataSource [main] HikariPool-1 - Starting...
2023-07-07 13:42:58,433 INFO com.zaxxer.hikari.HikariDataSource [main] HikariPool-1 - Start completed.
2023-07-07 13:42:58,458 INFO org.hibernate.jpa.internal.util.LogHelper [main] HHH000204: Processing PersistenceUnitInfo [name: default]
2023-07-07 13:42:58,478 INFO org.hibernate.Version [main] HHH000412: Hibernate ORM core version 5.6.10.Final
2023-07-07 13:42:58,537 INFO org.hibernate.annotations.common.reflection.java.JavaReflectionManager [main] HCANN000001: Hibernate Commons Annotations {5.1.2.Final}
2023-07-07 13:42:58,587 INFO org.hibernate.dialect.Dialect [main] HHH000400: Using dialect: org.hibernate.dialect.PostgreSQL10Dialect
2023-07-07 13:42:58,959 INFO org.hibernate.engine.transaction.jta.platform.internal.JtaPlatformInitiator [main] HHH000490: Using JtaPlatform implementation: [org.hibernate.engine.transaction.jta.platform.internal.NoJtaPlatform]
2023-07-07 13:42:58,964 INFO org.springframework.orm.jpa.AbstractEntityManagerFactoryBean [main] Initialized JPA EntityManagerFactory for persistence unit 'default'
2023-07-07 13:43:00,187 INFO org.apache.juli.logging.DirectJDKLog [main] Starting ProtocolHandler ["http-nio-8081"]
2023-07-07 13:43:00,202 INFO org.springframework.boot.web.embedded.tomcat.TomcatWebServer [main] Tomcat started on port(s): 8081 (http) with context path ''
2023-07-07 13:43:00,211 INFO org.springframework.boot.StartupInfoLogger [main] Started KlinikApplication in 3.286 seconds (JVM running for 3.925)
2023-07-07 13:43:00,213 INFO com.klinik.KlinikApplication [main]  Klinika start success 
2023-07-07 13:43:12,073 INFO org.springframework.orm.jpa.AbstractEntityManagerFactoryBean [SpringApplicationShutdownHook] Closing JPA EntityManagerFactory for persistence unit 'default'
2023-07-07 13:43:12,075 INFO com.zaxxer.hikari.HikariDataSource [SpringApplicationShutdownHook] HikariPool-1 - Shutdown initiated...
2023-07-07 13:43:12,077 INFO com.zaxxer.hikari.HikariDataSource [SpringApplicationShutdownHook] HikariPool-1 - Shutdown completed.
2023-07-07 13:43:14,408 INFO org.springframework.boot.StartupInfoLogger [main] Starting KlinikApplication using Java 17.0.2 on barysevich_k with PID 21620 (D:\JAVA\klinik\target\classes started by Asus in D:\JAVA\klinik)
2023-07-07 13:43:14,410 INFO org.springframework.boot.SpringApplication [main] No active profile set, falling back to 1 default profile: "default"
2023-07-07 13:43:14,874 INFO org.springframework.data.repository.config.RepositoryConfigurationDelegate [main] Bootstrapping Spring Data JPA repositories in DEFAULT mode.
2023-07-07 13:43:14,927 INFO org.springframework.data.repository.config.RepositoryConfigurationDelegate [main] Finished Spring Data repository scanning in 48 ms. Found 11 JPA repository interfaces.
2023-07-07 13:43:15,238 INFO org.springframework.boot.web.embedded.tomcat.TomcatWebServer [main] Tomcat initialized with port(s): 8081 (http)
2023-07-07 13:43:15,243 INFO org.apache.juli.logging.DirectJDKLog [main] Initializing ProtocolHandler ["http-nio-8081"]
2023-07-07 13:43:15,244 INFO org.apache.juli.logging.DirectJDKLog [main] Starting service [Tomcat]
2023-07-07 13:43:15,245 INFO org.apache.juli.logging.DirectJDKLog [main] Starting Servlet engine: [Apache Tomcat/9.0.65]
2023-07-07 13:43:15,330 INFO org.apache.juli.logging.DirectJDKLog [main] Initializing Spring embedded WebApplicationContext
2023-07-07 13:43:15,330 INFO org.springframework.boot.web.servlet.context.ServletWebServerApplicationContext [main] Root WebApplicationContext: initialization completed in 870 ms
2023-07-07 13:43:15,403 INFO com.zaxxer.hikari.HikariDataSource [main] HikariPool-1 - Starting...
2023-07-07 13:43:15,606 INFO com.zaxxer.hikari.HikariDataSource [main] HikariPool-1 - Start completed.
2023-07-07 13:43:15,630 INFO org.hibernate.jpa.internal.util.LogHelper [main] HHH000204: Processing PersistenceUnitInfo [name: default]
2023-07-07 13:43:15,650 INFO org.hibernate.Version [main] HHH000412: Hibernate ORM core version 5.6.10.Final
2023-07-07 13:43:15,710 INFO org.hibernate.annotations.common.reflection.java.JavaReflectionManager [main] HCANN000001: Hibernate Commons Annotations {5.1.2.Final}
2023-07-07 13:43:15,765 INFO org.hibernate.dialect.Dialect [main] HHH000400: Using dialect: org.hibernate.dialect.PostgreSQL10Dialect
2023-07-07 13:43:16,166 INFO org.hibernate.engine.transaction.jta.platform.internal.JtaPlatformInitiator [main] HHH000490: Using JtaPlatform implementation: [org.hibernate.engine.transaction.jta.platform.internal.NoJtaPlatform]
2023-07-07 13:43:16,171 INFO org.springframework.orm.jpa.AbstractEntityManagerFactoryBean [main] Initialized JPA EntityManagerFactory for persistence unit 'default'
2023-07-07 13:43:17,353 INFO org.apache.juli.logging.DirectJDKLog [main] Starting ProtocolHandler ["http-nio-8081"]
2023-07-07 13:43:17,368 INFO org.springframework.boot.web.embedded.tomcat.TomcatWebServer [main] Tomcat started on port(s): 8081 (http) with context path ''
2023-07-07 13:43:17,377 INFO org.springframework.boot.StartupInfoLogger [main] Started KlinikApplication in 3.256 seconds (JVM running for 3.924)
2023-07-07 13:43:17,380 INFO com.klinik.KlinikApplication [main]  Klinika start success 
2023-07-07 13:43:33,355 INFO org.springframework.orm.jpa.AbstractEntityManagerFactoryBean [SpringApplicationShutdownHook] Closing JPA EntityManagerFactory for persistence unit 'default'
2023-07-07 13:43:33,357 INFO com.zaxxer.hikari.HikariDataSource [SpringApplicationShutdownHook] HikariPool-1 - Shutdown initiated...
2023-07-07 13:43:33,359 INFO com.zaxxer.hikari.HikariDataSource [SpringApplicationShutdownHook] HikariPool-1 - Shutdown completed.
2023-07-07 13:43:35,703 INFO org.springframework.boot.StartupInfoLogger [main] Starting KlinikApplication using Java 17.0.2 on barysevich_k with PID 16548 (D:\JAVA\klinik\target\classes started by Asus in D:\JAVA\klinik)
2023-07-07 13:43:35,706 INFO org.springframework.boot.SpringApplication [main] No active profile set, falling back to 1 default profile: "default"
2023-07-07 13:43:36,176 INFO org.springframework.data.repository.config.RepositoryConfigurationDelegate [main] Bootstrapping Spring Data JPA repositories in DEFAULT mode.
2023-07-07 13:43:36,231 INFO org.springframework.data.repository.config.RepositoryConfigurationDelegate [main] Finished Spring Data repository scanning in 48 ms. Found 11 JPA repository interfaces.
2023-07-07 13:43:36,550 INFO org.springframework.boot.web.embedded.tomcat.TomcatWebServer [main] Tomcat initialized with port(s): 8081 (http)
2023-07-07 13:43:36,556 INFO org.apache.juli.logging.DirectJDKLog [main] Initializing ProtocolHandler ["http-nio-8081"]
2023-07-07 13:43:36,557 INFO org.apache.juli.logging.DirectJDKLog [main] Starting service [Tomcat]
2023-07-07 13:43:36,557 INFO org.apache.juli.logging.DirectJDKLog [main] Starting Servlet engine: [Apache Tomcat/9.0.65]
2023-07-07 13:43:36,643 INFO org.apache.juli.logging.DirectJDKLog [main] Initializing Spring embedded WebApplicationContext
2023-07-07 13:43:36,643 INFO org.springframework.boot.web.servlet.context.ServletWebServerApplicationContext [main] Root WebApplicationContext: initialization completed in 891 ms
2023-07-07 13:43:36,718 INFO com.zaxxer.hikari.HikariDataSource [main] HikariPool-1 - Starting...
2023-07-07 13:43:36,936 INFO com.zaxxer.hikari.HikariDataSource [main] HikariPool-1 - Start completed.
2023-07-07 13:43:36,960 INFO org.hibernate.jpa.internal.util.LogHelper [main] HHH000204: Processing PersistenceUnitInfo [name: default]
2023-07-07 13:43:36,980 INFO org.hibernate.Version [main] HHH000412: Hibernate ORM core version 5.6.10.Final
2023-07-07 13:43:37,044 INFO org.hibernate.annotations.common.reflection.java.JavaReflectionManager [main] HCANN000001: Hibernate Commons Annotations {5.1.2.Final}
2023-07-07 13:43:37,100 INFO org.hibernate.dialect.Dialect [main] HHH000400: Using dialect: org.hibernate.dialect.PostgreSQL10Dialect
2023-07-07 13:43:37,477 INFO org.hibernate.engine.transaction.jta.platform.internal.JtaPlatformInitiator [main] HHH000490: Using JtaPlatform implementation: [org.hibernate.engine.transaction.jta.platform.internal.NoJtaPlatform]
2023-07-07 13:43:37,482 INFO org.springframework.orm.jpa.AbstractEntityManagerFactoryBean [main] Initialized JPA EntityManagerFactory for persistence unit 'default'
2023-07-07 13:43:38,707 INFO org.apache.juli.logging.DirectJDKLog [main] Starting ProtocolHandler ["http-nio-8081"]
2023-07-07 13:43:38,724 INFO org.springframework.boot.web.embedded.tomcat.TomcatWebServer [main] Tomcat started on port(s): 8081 (http) with context path ''
2023-07-07 13:43:38,734 INFO org.springframework.boot.StartupInfoLogger [main] Started KlinikApplication in 3.331 seconds (JVM running for 3.976)
2023-07-07 13:43:38,736 INFO com.klinik.KlinikApplication [main]  Klinika start success 
2023-07-07 13:43:49,500 INFO org.springframework.orm.jpa.AbstractEntityManagerFactoryBean [SpringApplicationShutdownHook] Closing JPA EntityManagerFactory for persistence unit 'default'
2023-07-07 13:43:49,502 INFO com.zaxxer.hikari.HikariDataSource [SpringApplicationShutdownHook] HikariPool-1 - Shutdown initiated...
2023-07-07 13:43:49,504 INFO com.zaxxer.hikari.HikariDataSource [SpringApplicationShutdownHook] HikariPool-1 - Shutdown completed.
2023-07-07 13:44:46,000 INFO org.springframework.boot.StartupInfoLogger [main] Starting KlinikApplication using Java 17.0.7 on barysevich_k with PID 22476 (D:\JAVA\klinik\target\classes started by Asus in D:\JAVA\klinik)
2023-07-07 13:44:46,004 INFO org.springframework.boot.SpringApplication [main] No active profile set, falling back to 1 default profile: "default"
2023-07-07 13:44:47,260 INFO org.springframework.data.repository.config.RepositoryConfigurationDelegate [main] Bootstrapping Spring Data JPA repositories in DEFAULT mode.
2023-07-07 13:44:47,382 INFO org.springframework.data.repository.config.RepositoryConfigurationDelegate [main] Finished Spring Data repository scanning in 104 ms. Found 11 JPA repository interfaces.
2023-07-07 13:44:48,130 INFO org.springframework.boot.web.embedded.tomcat.TomcatWebServer [main] Tomcat initialized with port(s): 8081 (http)
2023-07-07 13:44:48,143 INFO org.apache.juli.logging.DirectJDKLog [main] Initializing ProtocolHandler ["http-nio-8081"]
2023-07-07 13:44:48,144 INFO org.apache.juli.logging.DirectJDKLog [main] Starting service [Tomcat]
2023-07-07 13:44:48,144 INFO org.apache.juli.logging.DirectJDKLog [main] Starting Servlet engine: [Apache Tomcat/9.0.65]
2023-07-07 13:44:48,283 INFO org.apache.juli.logging.DirectJDKLog [main] Initializing Spring embedded WebApplicationContext
2023-07-07 13:44:48,285 INFO org.springframework.boot.web.servlet.context.ServletWebServerApplicationContext [main] Root WebApplicationContext: initialization completed in 2204 ms
2023-07-07 13:44:48,487 INFO com.zaxxer.hikari.HikariDataSource [main] HikariPool-1 - Starting...
2023-07-07 13:44:48,682 INFO com.zaxxer.hikari.HikariDataSource [main] HikariPool-1 - Start completed.
2023-07-07 13:44:48,744 INFO org.hibernate.jpa.internal.util.LogHelper [main] HHH000204: Processing PersistenceUnitInfo [name: default]
2023-07-07 13:44:48,796 INFO org.hibernate.Version [main] HHH000412: Hibernate ORM core version 5.6.10.Final
2023-07-07 13:44:48,983 INFO org.hibernate.annotations.common.reflection.java.JavaReflectionManager [main] HCANN000001: Hibernate Commons Annotations {5.1.2.Final}
2023-07-07 13:44:49,143 INFO org.hibernate.dialect.Dialect [main] HHH000400: Using dialect: org.hibernate.dialect.PostgreSQL10Dialect
2023-07-07 13:44:49,849 INFO org.hibernate.engine.transaction.jta.platform.internal.JtaPlatformInitiator [main] HHH000490: Using JtaPlatform implementation: [org.hibernate.engine.transaction.jta.platform.internal.NoJtaPlatform]
2023-07-07 13:44:49,858 INFO org.springframework.orm.jpa.AbstractEntityManagerFactoryBean [main] Initialized JPA EntityManagerFactory for persistence unit 'default'
2023-07-07 13:44:51,681 INFO org.apache.juli.logging.DirectJDKLog [main] Starting ProtocolHandler ["http-nio-8081"]
2023-07-07 13:44:51,711 INFO org.springframework.boot.web.embedded.tomcat.TomcatWebServer [main] Tomcat started on port(s): 8081 (http) with context path ''
2023-07-07 13:44:51,726 INFO org.springframework.boot.StartupInfoLogger [main] Started KlinikApplication in 6.204 seconds (JVM running for 6.688)
2023-07-07 13:44:51,737 INFO com.klinik.KlinikApplication [main]  Klinika start success 
2023-07-07 13:47:21,235 INFO org.springframework.boot.StartupInfoLogger [main] Starting KlinikApplication using Java 17.0.2 on barysevich_k with PID 15708 (D:\JAVA\klinik\target\classes started by Asus in D:\JAVA\klinik)
2023-07-07 13:47:21,238 INFO org.springframework.boot.SpringApplication [main] No active profile set, falling back to 1 default profile: "default"
2023-07-07 13:47:21,751 INFO org.springframework.data.repository.config.RepositoryConfigurationDelegate [main] Bootstrapping Spring Data JPA repositories in DEFAULT mode.
2023-07-07 13:47:21,809 INFO org.springframework.data.repository.config.RepositoryConfigurationDelegate [main] Finished Spring Data repository scanning in 51 ms. Found 11 JPA repository interfaces.
2023-07-07 13:47:22,128 INFO org.springframework.boot.web.embedded.tomcat.TomcatWebServer [main] Tomcat initialized with port(s): 8081 (http)
2023-07-07 13:47:22,134 INFO org.apache.juli.logging.DirectJDKLog [main] Initializing ProtocolHandler ["http-nio-8081"]
2023-07-07 13:47:22,135 INFO org.apache.juli.logging.DirectJDKLog [main] Starting service [Tomcat]
2023-07-07 13:47:22,135 INFO org.apache.juli.logging.DirectJDKLog [main] Starting Servlet engine: [Apache Tomcat/9.0.65]
2023-07-07 13:47:22,228 INFO org.apache.juli.logging.DirectJDKLog [main] Initializing Spring embedded WebApplicationContext
2023-07-07 13:47:22,229 INFO org.springframework.boot.web.servlet.context.ServletWebServerApplicationContext [main] Root WebApplicationContext: initialization completed in 944 ms
2023-07-07 13:47:22,304 INFO com.zaxxer.hikari.HikariDataSource [main] HikariPool-1 - Starting...
2023-07-07 13:47:22,404 INFO com.zaxxer.hikari.HikariDataSource [main] HikariPool-1 - Start completed.
2023-07-07 13:47:22,430 INFO org.hibernate.jpa.internal.util.LogHelper [main] HHH000204: Processing PersistenceUnitInfo [name: default]
2023-07-07 13:47:22,450 INFO org.hibernate.Version [main] HHH000412: Hibernate ORM core version 5.6.10.Final
2023-07-07 13:47:22,515 INFO org.hibernate.annotations.common.reflection.java.JavaReflectionManager [main] HCANN000001: Hibernate Commons Annotations {5.1.2.Final}
2023-07-07 13:47:22,562 INFO org.hibernate.dialect.Dialect [main] HHH000400: Using dialect: org.hibernate.dialect.PostgreSQL10Dialect
2023-07-07 13:47:22,936 INFO org.hibernate.engine.transaction.jta.platform.internal.JtaPlatformInitiator [main] HHH000490: Using JtaPlatform implementation: [org.hibernate.engine.transaction.jta.platform.internal.NoJtaPlatform]
2023-07-07 13:47:22,940 INFO org.springframework.orm.jpa.AbstractEntityManagerFactoryBean [main] Initialized JPA EntityManagerFactory for persistence unit 'default'
2023-07-07 13:47:24,133 INFO org.apache.juli.logging.DirectJDKLog [main] Starting ProtocolHandler ["http-nio-8081"]
2023-07-07 13:47:24,147 INFO org.springframework.boot.web.embedded.tomcat.TomcatWebServer [main] Tomcat started on port(s): 8081 (http) with context path ''
2023-07-07 13:47:24,156 INFO org.springframework.boot.StartupInfoLogger [main] Started KlinikApplication in 3.304 seconds (JVM running for 4.037)
2023-07-07 13:47:24,158 INFO com.klinik.KlinikApplication [main]  Klinika start success 
2023-07-07 13:47:45,124 INFO org.springframework.orm.jpa.AbstractEntityManagerFactoryBean [SpringApplicationShutdownHook] Closing JPA EntityManagerFactory for persistence unit 'default'
2023-07-07 13:47:45,125 INFO com.zaxxer.hikari.HikariDataSource [SpringApplicationShutdownHook] HikariPool-1 - Shutdown initiated...
2023-07-07 13:47:45,127 INFO com.zaxxer.hikari.HikariDataSource [SpringApplicationShutdownHook] HikariPool-1 - Shutdown completed.
2023-07-07 14:07:42,903 INFO org.springframework.boot.StartupInfoLogger [main] Starting KlinikApplication using Java 17.0.2 on barysevich_k with PID 15968 (D:\JAVA\klinik\target\classes started by Asus in D:\JAVA\klinik)
2023-07-07 14:07:42,906 INFO org.springframework.boot.SpringApplication [main] No active profile set, falling back to 1 default profile: "default"
2023-07-07 14:07:43,965 INFO org.springframework.data.repository.config.RepositoryConfigurationDelegate [main] Bootstrapping Spring Data JPA repositories in DEFAULT mode.
2023-07-07 14:07:44,048 INFO org.springframework.data.repository.config.RepositoryConfigurationDelegate [main] Finished Spring Data repository scanning in 70 ms. Found 11 JPA repository interfaces.
2023-07-07 14:07:44,600 INFO org.springframework.boot.web.embedded.tomcat.TomcatWebServer [main] Tomcat initialized with port(s): 8082 (http)
2023-07-07 14:07:44,628 INFO org.apache.juli.logging.DirectJDKLog [main] Initializing ProtocolHandler ["http-nio-8082"]
2023-07-07 14:07:44,630 INFO org.apache.juli.logging.DirectJDKLog [main] Starting service [Tomcat]
2023-07-07 14:07:44,631 INFO org.apache.juli.logging.DirectJDKLog [main] Starting Servlet engine: [Apache Tomcat/9.0.65]
2023-07-07 14:07:44,890 INFO org.apache.juli.logging.DirectJDKLog [main] Initializing Spring embedded WebApplicationContext
2023-07-07 14:07:44,890 INFO org.springframework.boot.web.servlet.context.ServletWebServerApplicationContext [main] Root WebApplicationContext: initialization completed in 1921 ms
2023-07-07 14:07:45,190 INFO com.zaxxer.hikari.HikariDataSource [main] HikariPool-1 - Starting...
2023-07-07 14:07:45,432 INFO com.zaxxer.hikari.HikariDataSource [main] HikariPool-1 - Start completed.
2023-07-07 14:07:45,489 INFO org.hibernate.jpa.internal.util.LogHelper [main] HHH000204: Processing PersistenceUnitInfo [name: default]
2023-07-07 14:07:45,552 INFO org.hibernate.Version [main] HHH000412: Hibernate ORM core version 5.6.10.Final
2023-07-07 14:07:45,689 INFO org.hibernate.annotations.common.reflection.java.JavaReflectionManager [main] HCANN000001: Hibernate Commons Annotations {5.1.2.Final}
2023-07-07 14:07:45,813 INFO org.hibernate.dialect.Dialect [main] HHH000400: Using dialect: org.hibernate.dialect.PostgreSQL10Dialect
2023-07-07 14:07:46,289 INFO org.hibernate.engine.transaction.jta.platform.internal.JtaPlatformInitiator [main] HHH000490: Using JtaPlatform implementation: [org.hibernate.engine.transaction.jta.platform.internal.NoJtaPlatform]
2023-07-07 14:07:46,295 INFO org.springframework.orm.jpa.AbstractEntityManagerFactoryBean [main] Initialized JPA EntityManagerFactory for persistence unit 'default'
2023-07-07 14:07:47,611 INFO org.apache.juli.logging.DirectJDKLog [main] Starting ProtocolHandler ["http-nio-8082"]
2023-07-07 14:07:47,627 INFO org.springframework.boot.web.embedded.tomcat.TomcatWebServer [main] Tomcat started on port(s): 8082 (http) with context path ''
2023-07-07 14:07:47,637 INFO org.springframework.boot.StartupInfoLogger [main] Started KlinikApplication in 5.206 seconds (JVM running for 5.93)
2023-07-07 14:07:47,639 INFO com.klinik.KlinikApplication [main]  Klinika start success 
2023-07-07 14:08:10,278 INFO org.springframework.orm.jpa.AbstractEntityManagerFactoryBean [SpringApplicationShutdownHook] Closing JPA EntityManagerFactory for persistence unit 'default'
2023-07-07 14:08:10,280 INFO com.zaxxer.hikari.HikariDataSource [SpringApplicationShutdownHook] HikariPool-1 - Shutdown initiated...
2023-07-07 14:08:10,285 INFO com.zaxxer.hikari.HikariDataSource [SpringApplicationShutdownHook] HikariPool-1 - Shutdown completed.
2023-07-07 14:08:13,901 INFO org.springframework.boot.StartupInfoLogger [main] Starting KlinikApplication using Java 17.0.2 on barysevich_k with PID 20108 (D:\JAVA\klinik\target\classes started by Asus in D:\JAVA\klinik)
2023-07-07 14:08:13,907 INFO org.springframework.boot.SpringApplication [main] No active profile set, falling back to 1 default profile: "default"
2023-07-07 14:08:14,452 INFO org.springframework.data.repository.config.RepositoryConfigurationDelegate [main] Bootstrapping Spring Data JPA repositories in DEFAULT mode.
2023-07-07 14:08:14,534 INFO org.springframework.data.repository.config.RepositoryConfigurationDelegate [main] Finished Spring Data repository scanning in 76 ms. Found 11 JPA repository interfaces.
2023-07-07 14:08:14,845 INFO org.springframework.boot.web.embedded.tomcat.TomcatWebServer [main] Tomcat initialized with port(s): 8082 (http)
2023-07-07 14:08:14,850 INFO org.apache.juli.logging.DirectJDKLog [main] Initializing ProtocolHandler ["http-nio-8082"]
2023-07-07 14:08:14,850 INFO org.apache.juli.logging.DirectJDKLog [main] Starting service [Tomcat]
2023-07-07 14:08:14,850 INFO org.apache.juli.logging.DirectJDKLog [main] Starting Servlet engine: [Apache Tomcat/9.0.65]
2023-07-07 14:08:14,940 INFO org.apache.juli.logging.DirectJDKLog [main] Initializing Spring embedded WebApplicationContext
2023-07-07 14:08:14,940 INFO org.springframework.boot.web.servlet.context.ServletWebServerApplicationContext [main] Root WebApplicationContext: initialization completed in 989 ms
2023-07-07 14:08:15,034 INFO com.zaxxer.hikari.HikariDataSource [main] HikariPool-1 - Starting...
2023-07-07 14:08:15,147 INFO com.zaxxer.hikari.HikariDataSource [main] HikariPool-1 - Start completed.
2023-07-07 14:08:15,180 INFO org.hibernate.jpa.internal.util.LogHelper [main] HHH000204: Processing PersistenceUnitInfo [name: default]
2023-07-07 14:08:15,203 INFO org.hibernate.Version [main] HHH000412: Hibernate ORM core version 5.6.10.Final
2023-07-07 14:08:15,269 INFO org.hibernate.annotations.common.reflection.java.JavaReflectionManager [main] HCANN000001: Hibernate Commons Annotations {5.1.2.Final}
2023-07-07 14:08:15,328 INFO org.hibernate.dialect.Dialect [main] HHH000400: Using dialect: org.hibernate.dialect.PostgreSQL10Dialect
2023-07-07 14:08:15,731 INFO org.hibernate.engine.transaction.jta.platform.internal.JtaPlatformInitiator [main] HHH000490: Using JtaPlatform implementation: [org.hibernate.engine.transaction.jta.platform.internal.NoJtaPlatform]
2023-07-07 14:08:15,738 INFO org.springframework.orm.jpa.AbstractEntityManagerFactoryBean [main] Initialized JPA EntityManagerFactory for persistence unit 'default'
2023-07-07 14:08:17,074 INFO org.apache.juli.logging.DirectJDKLog [main] Starting ProtocolHandler ["http-nio-8082"]
2023-07-07 14:08:17,089 INFO org.springframework.boot.web.embedded.tomcat.TomcatWebServer [main] Tomcat started on port(s): 8082 (http) with context path ''
2023-07-07 14:08:17,099 INFO org.springframework.boot.StartupInfoLogger [main] Started KlinikApplication in 3.495 seconds (JVM running for 3.974)
2023-07-07 14:08:17,101 INFO com.klinik.KlinikApplication [main]  Klinika start success 
2023-07-07 14:38:08,409 WARN com.zaxxer.hikari.pool.HikariPool$HouseKeeper [HikariPool-1 housekeeper] HikariPool-1 - Thread starvation or clock leap detected (housekeeper delta=7m52s769ms528µs300ns).
